<?xml version="1.0" encoding="UTF-8"?>
<testsuite name="CinemaTests" tests="1" skipped="0" failures="0" errors="0" timestamp="2022-11-05T14:27:37" hostname="DESKTOP-KRM8ORQ" time="3.164">
  <properties/>
  <testcase name="start" classname="CinemaTests" time="3.164"/>
  <system-out><![CDATA[?[1;31m
Start test 1?[0m
?[0;34m
?[0m?[0;34m  .   ____          _            __ _ _
?[0m?[0;34m /\\ / ___'_ __ _ _(_)_ __  __ _ \ \ \ \
?[0m?[0;34m( ( )\___ | '_ | '_| | '_ \/ _` | \ \ \ \
?[0m?[0;34m \\/  ___)| |_)| | | | | || (_| |  ) ) ) )
?[0m?[0;34m  '  |____| .__|_| |_|_| |_\__, | / / / /
?[0m?[0;34m =========|_|==============|___/=/_/_/_/
?[0m?[0;34m :: Spring Boot ::                (v2.5.6)
?[0m?[0;34m
?[0m?[0;34m2022-11-05 15:27:37.883  INFO 21404 --- [    Test worker] cinema.Main                              : Starting Main using Java 17.0.1 on DESKTOP-KRM8ORQ with PID 21404 (started by Damian in E:\Damian\Projects\SoftServe\Internal\Cinema Room REST Service\Cinema Room REST Service\task)
?[0m?[0;34m2022-11-05 15:27:37.887  INFO 21404 --- [    Test worker] cinema.Main                              : No active profile set, falling back to default profiles: default
?[0m?[0;34m2022-11-05 15:27:38.960  INFO 21404 --- [    Test worker] o.s.b.w.embedded.tomcat.TomcatWebServer  : Tomcat initialized with port(s): 28852 (http)
?[0m?[0;34m2022-11-05 15:27:38.972  INFO 21404 --- [    Test worker] o.apache.catalina.core.StandardService   : Starting service [Tomcat]
?[0m?[0;34m2022-11-05 15:27:38.972  INFO 21404 --- [    Test worker] org.apache.catalina.core.StandardEngine  : Starting Servlet engine: [Apache Tomcat/9.0.54]
?[0m?[0;34m2022-11-05 15:27:38.974  INFO 21404 --- [    Test worker] o.a.catalina.core.AprLifecycleListener   : Loaded Apache Tomcat Native library [1.2.32] using APR version [1.7.0].
?[0m?[0;34m2022-11-05 15:27:38.974  INFO 21404 --- [    Test worker] o.a.catalina.core.AprLifecycleListener   : APR capabilities: IPv6 [true], sendfile [true], accept filters [false], random [true], UDS [true].
?[0m?[0;34m2022-11-05 15:27:38.974  INFO 21404 --- [    Test worker] o.a.catalina.core.AprLifecycleListener   : APR/OpenSSL configuration: useAprConnector [false], useOpenSSL [true]
?[0m?[0;34m2022-11-05 15:27:38.977  INFO 21404 --- [    Test worker] o.a.catalina.core.AprLifecycleListener   : OpenSSL successfully initialized [OpenSSL 1.1.1n  15 Mar 2022]
?[0m?[0;34m2022-11-05 15:27:39.060  INFO 21404 --- [    Test worker] o.a.c.c.C.[Tomcat].[localhost].[/]       : Initializing Spring embedded WebApplicationContext
?[0m?[0;34m2022-11-05 15:27:39.060  INFO 21404 --- [    Test worker] w.s.c.ServletWebServerApplicationContext : Root WebApplicationContext: initialization completed in 1122 ms
?[0m?[0;34m2022-11-05 15:27:39.620  INFO 21404 --- [    Test worker] o.s.b.a.e.web.EndpointLinksResolver      : Exposing 14 endpoint(s) beneath base path '/actuator'
?[0m?[0;34m2022-11-05 15:27:39.656  INFO 21404 --- [    Test worker] o.s.b.w.embedded.tomcat.TomcatWebServer  : Tomcat started on port(s): 28852 (http) with context path ''
?[0m?[0;34m2022-11-05 15:27:39.669  INFO 21404 --- [    Test worker] cinema.Main                              : Started Main in 2.297 seconds (JVM running for 3.071)
?[0;34m2022-11-05 15:27:39.975  INFO 21404 --- [io-28852-exec-1] o.a.c.c.C.[Tomcat].[localhost].[/]       : Initializing Spring DispatcherServlet 'dispatcherServlet'
?[0m?[0;34m2022-11-05 15:27:39.976  INFO 21404 --- [io-28852-exec-1] o.s.web.servlet.DispatcherServlet        : Initializing Servlet 'dispatcherServlet'
?[0m?[0;34m2022-11-05 15:27:39.978  INFO 21404 --- [io-28852-exec-1] o.s.web.servlet.DispatcherServlet        : Completed initialization in 2 ms
?[0m?[1;31m
Start test 2?[0m
?[1;31m
Start test 3?[0m
?[1;31m
Start test 4?[0m
?[1;31m
Start test 5?[0m
?[1;31m
Start test 6?[0m
?[1;31m
Start test 7?[0m
?[1;31m
Start test 8?[0m
?[1;31m
Start test 9?[0m
?[1;31m
Start test 10?[0m
?[1;31m
Start test 11?[0m
?[1;31m
Start test 12?[0m
]]></system-out>
  <system-err><![CDATA[]]></system-err>
</testsuite>
